=========================================================================
📝 LOGGING ACTIVE: Live output is being saved to: log/pipeline_20260521_104629.log
=========================================================================
=========================================================================
        __  ___               __            _   __ _____                 
       /  |/  /____ _ _____  / /_ ___   __ / | / // ___/                 
      / /|_/ // __ `// ___/ / __// _ \ /_//  |/ / \__ \                  
     / /  / // /_/ // /__  / /_ /  __/   / /|  / ___/ /                  
    /_/  /_/ \__,_/ \___/  \__/ \___/   /_/ |_/ /____/                   
                                                                         
         Modular 16S rRNA Longitudinal Pipeline Orchestrator             
=========================================================================
Global Threads fallback: 64
------------------- Parallel Resource Allocations ---------------------
1. MD5 Integrity Check: 64 cores (Parallel)
2. Raw/Trimmed FastQC:  64 cores (Parallel)
3. Cutadapt Trimming:   8 concurrent jobs x 8 threads/job
4. DADA2 Denoising:     64 cores (Parallel)
5. PICRUSt2 Metagenome: 64 cores (Parallel)
-------------------------------------------------------------------------
Raw Read Directory:     ./data
Sample Sheet TSV:       ./sample.tsv
Standard Metadata TSV:  ./metadata.tsv
V3-V4 Primer Forward:   CCTACGGGNGGCWGCAG
V3-V4 Primer Reverse:   GACTACHVGGGTATCTAATCC
DADA2 Truncation F/R:   270 / 210 bp
DADA2 Max EE F/R:       2 / 5
=========================================================================
✅ Verified sample sheet exists at: ./sample.tsv
✅ Verified longitudinal metadata exists at: ./metadata.tsv

⏭️  [RESUME] STAGE 0.5: MD5 Raw Data Integrity Check already completed.
    Verified output file exists: log/.md5_verified
    Skipping to next stage...

⏭️  [RESUME] STAGE 1: QC & Cutadapt Primer Trimming already completed.
    Verified output file exists: ./results/multiqc_report.html
    Skipping to next stage...

⏭️  [RESUME] STAGE 2: Reference Database Downloader already completed.
    Verified output file exists: ./data/db/silva_species_assignment_v138.1.fa.gz
    Skipping to next stage...

⏭️  [RESUME] STAGE 3: DADA2 ASV Inference & Classification already completed.
    Verified output file exists: ./results/02_dada2/seqtab_nochim.rds
    Skipping to next stage...

=========================================================================
 >>> STAGE 4: Phyloseq Assembler & Excel Abundance Export
     Running command: Rscript script/03_phyloseq_prep.R
=========================================================================
Loading required libraries...
── Attaching core tidyverse packages ──────────────────────── tidyverse 2.0.0 ──
✔ dplyr     1.2.1     ✔ readr     2.2.0
✔ forcats   1.0.1     ✔ stringr   1.6.0
✔ ggplot2   4.0.3     ✔ tibble    3.3.1
✔ lubridate 1.9.5     ✔ tidyr     1.3.2
✔ purrr     1.2.2     
── Conflicts ────────────────────────────────────────── tidyverse_conflicts() ──
✖ dplyr::filter() masks stats::filter()
✖ dplyr::lag()    masks stats::lag()
ℹ Use the conflicted package (<http://conflicted.r-lib.org/>) to force all conflicts to become errors
=========================================================================
Parameters:
DADA2 Output Dir:    ./results/02_dada2 
Phyloseq Output Dir: ./results/03_phyloseq 
Metadata File Path:  ./metadata.tsv 
=========================================================================
>>> Reading standardized metadata TSV from: ./metadata.tsv 
Rows: 63 Columns: 5
── Column specification ────────────────────────────────────────────────────────
Delimiter: "\t"
chr (4): SampleID, Group, Day, SubjectID
dbl (1): STT

ℹ Use `spec()` to retrieve the full column specification for this data.
ℹ Specify the column types or set `show_col_types = FALSE` to quiet this message.
Found 63 matching samples between ASV table and metadata.
>>> Constructing Phyloseq object...
Phyloseq object saved to:  ./results/03_phyloseq/phyloseq_obj.rds 
>>> Exporting abundance tables at different taxonomic ranks...
Processing rank:  ASV 
Processing rank:  Phylum 
Processing rank:  Class 
Processing rank:  Order 
Processing rank:  Family 
Processing rank:  Genus 

Execution halted
❌ ERROR: STAGE 4 (Phyloseq Assembler & Excel Abundance Export) failed!
