=========================================================================
📝 LOGGING ACTIVE: Live output is being saved to: log/pipeline_20260521_105247.log
=========================================================================
=========================================================================
        __  ___               __            _   __ _____                 
       /  |/  /____ _ _____  / /_ ___   __ / | / // ___/                 
      / /|_/ // __ `// ___/ / __// _ \ /_//  |/ / \__ \                  
     / /  / // /_/ // /__  / /_ /  __/   / /|  / ___/ /                  
    /_/  /_/ \__,_/ \___/  \__/ \___/   /_/ |_/ /____/                   
                                                                         
         Modular 16S rRNA Longitudinal Pipeline Orchestrator             
=========================================================================
Global Threads fallback: 64
------------------- Parallel Resource Allocations ---------------------
1. MD5 Integrity Check: 64 cores (Parallel)
2. Raw/Trimmed FastQC:  64 cores (Parallel)
3. Cutadapt Trimming:   8 concurrent jobs x 8 threads/job
4. DADA2 Denoising:     64 cores (Parallel)
5. PICRUSt2 Metagenome: 64 cores (Parallel)
-------------------------------------------------------------------------
Raw Read Directory:     ./data
Sample Sheet TSV:       ./sample.tsv
Standard Metadata TSV:  ./metadata.tsv
V3-V4 Primer Forward:   CCTACGGGNGGCWGCAG
V3-V4 Primer Reverse:   GACTACHVGGGTATCTAATCC
DADA2 Truncation F/R:   270 / 210 bp
DADA2 Max EE F/R:       2 / 5
=========================================================================
✅ Verified sample sheet exists at: ./sample.tsv
✅ Verified longitudinal metadata exists at: ./metadata.tsv

⏭️  [RESUME] STAGE 0.5: MD5 Raw Data Integrity Check already completed.
    Verified output file exists: log/.md5_verified
    Skipping to next stage...

⏭️  [RESUME] STAGE 1: QC & Cutadapt Primer Trimming already completed.
    Verified output file exists: ./results/multiqc_report.html
    Skipping to next stage...

⏭️  [RESUME] STAGE 2: Reference Database Downloader already completed.
    Verified output file exists: ./data/db/silva_species_assignment_v138.1.fa.gz
    Skipping to next stage...

⏭️  [RESUME] STAGE 3: DADA2 ASV Inference & Classification already completed.
    Verified output file exists: ./results/02_dada2/seqtab_nochim.rds
    Skipping to next stage...

⏭️  [RESUME] STAGE 4: Phyloseq Assembler & Excel Abundance Export already completed.
    Verified output file exists: ./results/03_phyloseq/phyloseq_obj.rds
    Skipping to next stage...

=========================================================================
 >>> STAGE 5: Repeated-Measures LMM & Beta Ordinations
     Running command: Rscript script/04_longitudinal_stats.R
=========================================================================
Loading required libraries...
Loading required package: permute
── Attaching core tidyverse packages ──────────────────────── tidyverse 2.0.0 ──
✔ dplyr     1.2.1     ✔ readr     2.2.0
✔ forcats   1.0.1     ✔ stringr   1.6.0
✔ ggplot2   4.0.3     ✔ tibble    3.3.1
✔ lubridate 1.9.5     ✔ tidyr     1.3.2
✔ purrr     1.2.2     
── Conflicts ────────────────────────────────────────── tidyverse_conflicts() ──
✖ dplyr::filter() masks stats::filter()
✖ dplyr::lag()    masks stats::lag()
ℹ Use the conflicted package (<http://conflicted.r-lib.org/>) to force all conflicts to become errors
Loading required package: Matrix

Attaching package: ‘Matrix’

The following objects are masked from ‘package:tidyr’:

    expand, pack, unpack


Attaching package: ‘lmerTest’

The following object is masked from ‘package:lme4’:

    lmer

The following object is masked from ‘package:stats’:

    step

Registered S3 method overwritten by 'car':
  method           from
  na.action.merMod lme4

Attaching package: ‘cowplot’

The following object is masked from ‘package:ggpubr’:

    get_legend

The following object is masked from ‘package:lubridate’:

    stamp

=========================================================================
Parameters:
Phyloseq Dir:  ./results/03_phyloseq 
Stats Dir:     ./results/04_stats 
=========================================================================
>>> Section 1: Running Alpha Diversity LMM Analysis...
Modeling longitudinal Shannon with LMM...
fixed-effect model matrix is rank deficient so dropping 1 column / coefficient
Missing cells for: GroupGroup1:DayDay1.  
Interpret type III hypotheses with care.
Modeling longitudinal Observed with LMM...
fixed-effect model matrix is rank deficient so dropping 1 column / coefficient
Missing cells for: GroupGroup1:DayDay1.  
Interpret type III hypotheses with care.
Warning messages:
1: `aes_string()` was deprecated in ggplot2 3.0.0.
ℹ Please use tidy evaluation idioms with `aes()`.
ℹ See also `vignette("ggplot2-in-packages")` for more information. 
2: Using `size` aesthetic for lines was deprecated in ggplot2 3.4.0.
ℹ Please use `linewidth` instead. 
>>> Section 1.5: Generating Rarefaction Curves...
There were 27 warnings (use warnings() to see them)
>>> Section 2: Running Beta Diversity Stratified PERMANOVA...
Analyzing Bray-Curtis beta diversity...
Analyzing Jaccard beta diversity...
>>> Section 3: Running Compositional LMM Differential Abundance...
Genera kept for testing after prevalence filter (>=20%): 230 
fixed-effect model matrix is rank deficient so dropping 1 column / coefficient
Missing cells for: GroupGroup1:DayDay1.  
Interpret type III hypotheses with care.
fixed-effect model matrix is rank deficient so dropping 1 column / coefficient
Missing cells for: GroupGroup1:DayDay1.  
Interpret type III hypotheses with care.
fixed-effect model matrix is rank deficient so dropping 1 column / coefficient
Missing cells for: GroupGroup1:DayDay1.  
Interpret type III hypotheses with care.
fixed-effect model matrix is rank deficient so dropping 1 column / coefficient
Missing cells for: GroupGroup1:DayDay1.  
Interpret type III hypotheses with care.
fixed-effect model matrix is rank deficient so dropping 1 column / coefficient
boundary (singular) fit: see help('isSingular')
Missing cells for: GroupGroup1:DayDay1.  
Interpret type III hypotheses with care.
fixed-effect model matrix is rank deficient so dropping 1 column / coefficient
Missing cells for: GroupGroup1:DayDay1.  
Interpret type III hypotheses with care.
fixed-effect model matrix is rank deficient so dropping 1 column / coefficient
Missing cells for: GroupGroup1:DayDay1.  
Interpret type III hypotheses with care.
fixed-effect model matrix is rank deficient so dropping 1 column / coefficient
Missing cells for: GroupGroup1:DayDay1.  
Interpret type III hypotheses with care.
fixed-effect model matrix is rank deficient so dropping 1 column / coefficient
boundary (singular) fit: see help('isSingular')
Missing cells for: GroupGroup1:DayDay1.  
Interpret type III hypotheses with care.
fixed-effect model matrix is rank deficient so dropping 1 column / coefficient
Missing cells for: GroupGroup1:DayDay1.  
Interpret type III hypotheses with care.
fixed-effect model matrix is rank deficient so dropping 1 column / coefficient
boundary (singular) fit: see help('isSingular')
Missing cells for: GroupGroup1:DayDay1.  
Interpret type III hypotheses with care.
fixed-effect model matrix is rank deficient so dropping 1 column / coefficient
boundary (singular) fit: see help('isSingular')
Missing cells for: GroupGroup1:DayDay1.  
Interpret type III hypotheses with care.
fixed-effect model matrix is rank deficient so dropping 1 column / coefficient
Missing cells for: GroupGroup1:DayDay1.  
Interpret type III hypotheses with care.
fixed-effect model matrix is rank deficient so dropping 1 column / coefficient
Missing cells for: GroupGroup1:DayDay1.  
Interpret type III hypotheses with care.
fixed-effect model matrix is rank deficient so dropping 1 column / coefficient
Missing cells for: GroupGroup1:DayDay1.  
Interpret type III hypotheses with care.
fixed-effect model matrix is rank deficient so dropping 1 column / coefficient
Missing cells for: GroupGroup1:DayDay1.  
Interpret type III hypotheses with care.
fixed-effect model matrix is rank deficient so dropping 1 column / coefficient
boundary (singular) fit: see help('isSingular')
Missing cells for: GroupGroup1:DayDay1.  
Interpret type III hypotheses with care.
fixed-effect model matrix is rank deficient so dropping 1 column / coefficient
Missing cells for: GroupGroup1:DayDay1.  
Interpret type III hypotheses with care.
fixed-effect model matrix is rank deficient so dropping 1 column / coefficient
Missing cells for: GroupGroup1:DayDay1.  
Interpret type III hypotheses with care.
fixed-effect model matrix is rank deficient so dropping 1 column / coefficient
boundary (singular) fit: see help('isSingular')
Missing cells for: GroupGroup1:DayDay1.  
Interpret type III hypotheses with care.
fixed-effect model matrix is rank deficient so dropping 1 column / coefficient
boundary (singular) fit: see help('isSingular')
Missing cells for: GroupGroup1:DayDay1.  
Interpret type III hypotheses with care.
fixed-effect model matrix is rank deficient so dropping 1 column / coefficient
Missing cells for: GroupGroup1:DayDay1.  
Interpret type III hypotheses with care.
fixed-effect model matrix is rank deficient so dropping 1 column / coefficient
boundary (singular) fit: see help('isSingular')
Missing cells for: GroupGroup1:DayDay1.  
Interpret type III hypotheses with care.
fixed-effect model matrix is rank deficient so dropping 1 column / coefficient
boundary (singular) fit: see help('isSingular')
Missing cells for: GroupGroup1:DayDay1.  
Interpret type III hypotheses with care.
fixed-effect model matrix is rank deficient so dropping 1 column / coefficient
Missing cells for: GroupGroup1:DayDay1.  
Interpret type III hypotheses with care.
fixed-effect model matrix is rank deficient so dropping 1 column / coefficient
Missing cells for: GroupGroup1:DayDay1.  
Interpret type III hypotheses with care.
fixed-effect model matrix is rank deficient so dropping 1 column / coefficient
Missing cells for: GroupGroup1:DayDay1.  
Interpret type III hypotheses with care.
fixed-effect model matrix is rank deficient so dropping 1 column / coefficient
Missing cells for: GroupGroup1:DayDay1.  
Interpret type III hypotheses with care.
fixed-effect model matrix is rank deficient so dropping 1 column / coefficient
Missing cells for: GroupGroup1:DayDay1.  
Interpret type III hypotheses with care.
fixed-effect model matrix is rank deficient so dropping 1 column / coefficient
boundary (singular) fit: see help('isSingular')
Missing cells for: GroupGroup1:DayDay1.  
Interpret type III hypotheses with care.
fixed-effect model matrix is rank deficient so dropping 1 column / coefficient
Missing cells for: GroupGroup1:DayDay1.  
Interpret type III hypotheses with care.
fixed-effect model matrix is rank deficient so dropping 1 column / coefficient
boundary (singular) fit: see help('isSingular')
Missing cells for: GroupGroup1:DayDay1.  
Interpret type III hypotheses with care.
fixed-effect model matrix is rank deficient so dropping 1 column / coefficient
Missing cells for: GroupGroup1:DayDay1.  
Interpret type III hypotheses with care.
fixed-effect model matrix is rank deficient so dropping 1 column / coefficient
Missing cells for: GroupGroup1:DayDay1.  
Interpret type III hypotheses with care.
fixed-effect model matrix is rank deficient so dropping 1 column / coefficient
Missing cells for: GroupGroup1:DayDay1.  
Interpret type III hypotheses with care.
fixed-effect model matrix is rank deficient so dropping 1 column / coefficient
Missing cells for: GroupGroup1:DayDay1.  
Interpret type III hypotheses with care.
fixed-effect model matrix is rank deficient so dropping 1 column / coefficient
boundary (singular) fit: see help('isSingular')
Missing cells for: GroupGroup1:DayDay1.  
Interpret type III hypotheses with care.
fixed-effect model matrix is rank deficient so dropping 1 column / coefficient
Missing cells for: GroupGroup1:DayDay1.  
Interpret type III hypotheses with care.
fixed-effect model matrix is rank deficient so dropping 1 column / coefficient
Missing cells for: GroupGroup1:DayDay1.  
Interpret type III hypotheses with care.
fixed-effect model matrix is rank deficient so dropping 1 column / coefficient
boundary (singular) fit: see help('isSingular')
Missing cells for: GroupGroup1:DayDay1.  
Interpret type III hypotheses with care.
fixed-effect model matrix is rank deficient so dropping 1 column / coefficient
Missing cells for: GroupGroup1:DayDay1.  
Interpret type III hypotheses with care.
fixed-effect model matrix is rank deficient so dropping 1 column / coefficient
boundary (singular) fit: see help('isSingular')
Missing cells for: GroupGroup1:DayDay1.  
Interpret type III hypotheses with care.
fixed-effect model matrix is rank deficient so dropping 1 column / coefficient
Missing cells for: GroupGroup1:DayDay1.  
Interpret type III hypotheses with care.
fixed-effect model matrix is rank deficient so dropping 1 column / coefficient
Missing cells for: GroupGroup1:DayDay1.  
Interpret type III hypotheses with care.
fixed-effect model matrix is rank deficient so dropping 1 column / coefficient
Missing cells for: GroupGroup1:DayDay1.  
Interpret type III hypotheses with care.
fixed-effect model matrix is rank deficient so dropping 1 column / coefficient
boundary (singular) fit: see help('isSingular')
Missing cells for: GroupGroup1:DayDay1.  
Interpret type III hypotheses with care.
fixed-effect model matrix is rank deficient so dropping 1 column / coefficient
Missing cells for: GroupGroup1:DayDay1.  
Interpret type III hypotheses with care.
fixed-effect model matrix is rank deficient so dropping 1 column / coefficient
Missing cells for: GroupGroup1:DayDay1.  
Interpret type III hypotheses with care.
fixed-effect model matrix is rank deficient so dropping 1 column / coefficient
Missing cells for: GroupGroup1:DayDay1.  
Interpret type III hypotheses with care.
fixed-effect model matrix is rank deficient so dropping 1 column / coefficient
Missing cells for: GroupGroup1:DayDay1.  
Interpret type III hypotheses with care.
fixed-effect model matrix is rank deficient so dropping 1 column / coefficient
boundary (singular) fit: see help('isSingular')
Missing cells for: GroupGroup1:DayDay1.  
Interpret type III hypotheses with care.
fixed-effect model matrix is rank deficient so dropping 1 column / coefficient
Missing cells for: GroupGroup1:DayDay1.  
Interpret type III hypotheses with care.
fixed-effect model matrix is rank deficient so dropping 1 column / coefficient
Missing cells for: GroupGroup1:DayDay1.  
Interpret type III hypotheses with care.
fixed-effect model matrix is rank deficient so dropping 1 column / coefficient
boundary (singular) fit: see help('isSingular')
Missing cells for: GroupGroup1:DayDay1.  
Interpret type III hypotheses with care.
fixed-effect model matrix is rank deficient so dropping 1 column / coefficient
Missing cells for: GroupGroup1:DayDay1.  
Interpret type III hypotheses with care.
fixed-effect model matrix is rank deficient so dropping 1 column / coefficient
Missing cells for: GroupGroup1:DayDay1.  
Interpret type III hypotheses with care.
fixed-effect model matrix is rank deficient so dropping 1 column / coefficient
Missing cells for: GroupGroup1:DayDay1.  
Interpret type III hypotheses with care.
fixed-effect model matrix is rank deficient so dropping 1 column / coefficient
boundary (singular) fit: see help('isSingular')
Missing cells for: GroupGroup1:DayDay1.  
Interpret type III hypotheses with care.
fixed-effect model matrix is rank deficient so dropping 1 column / coefficient
boundary (singular) fit: see help('isSingular')
Missing cells for: GroupGroup1:DayDay1.  
Interpret type III hypotheses with care.
fixed-effect model matrix is rank deficient so dropping 1 column / coefficient
Missing cells for: GroupGroup1:DayDay1.  
Interpret type III hypotheses with care.
fixed-effect model matrix is rank deficient so dropping 1 column / coefficient
Missing cells for: GroupGroup1:DayDay1.  
Interpret type III hypotheses with care.
fixed-effect model matrix is rank deficient so dropping 1 column / coefficient
Missing cells for: GroupGroup1:DayDay1.  
Interpret type III hypotheses with care.
fixed-effect model matrix is rank deficient so dropping 1 column / coefficient
Missing cells for: GroupGroup1:DayDay1.  
Interpret type III hypotheses with care.
fixed-effect model matrix is rank deficient so dropping 1 column / coefficient
Missing cells for: GroupGroup1:DayDay1.  
Interpret type III hypotheses with care.
fixed-effect model matrix is rank deficient so dropping 1 column / coefficient
Missing cells for: GroupGroup1:DayDay1.  
Interpret type III hypotheses with care.
fixed-effect model matrix is rank deficient so dropping 1 column / coefficient
Missing cells for: GroupGroup1:DayDay1.  
Interpret type III hypotheses with care.
fixed-effect model matrix is rank deficient so dropping 1 column / coefficient
Missing cells for: GroupGroup1:DayDay1.  
Interpret type III hypotheses with care.
fixed-effect model matrix is rank deficient so dropping 1 column / coefficient
Missing cells for: GroupGroup1:DayDay1.  
Interpret type III hypotheses with care.
fixed-effect model matrix is rank deficient so dropping 1 column / coefficient
Missing cells for: GroupGroup1:DayDay1.  
Interpret type III hypotheses with care.
fixed-effect model matrix is rank deficient so dropping 1 column / coefficient
boundary (singular) fit: see help('isSingular')
Missing cells for: GroupGroup1:DayDay1.  
Interpret type III hypotheses with care.
fixed-effect model matrix is rank deficient so dropping 1 column / coefficient
Missing cells for: GroupGroup1:DayDay1.  
Interpret type III hypotheses with care.
fixed-effect model matrix is rank deficient so dropping 1 column / coefficient
Missing cells for: GroupGroup1:DayDay1.  
Interpret type III hypotheses with care.
fixed-effect model matrix is rank deficient so dropping 1 column / coefficient
Missing cells for: GroupGroup1:DayDay1.  
Interpret type III hypotheses with care.
fixed-effect model matrix is rank deficient so dropping 1 column / coefficient
Missing cells for: GroupGroup1:DayDay1.  
Interpret type III hypotheses with care.
fixed-effect model matrix is rank deficient so dropping 1 column / coefficient
Missing cells for: GroupGroup1:DayDay1.  
Interpret type III hypotheses with care.
fixed-effect model matrix is rank deficient so dropping 1 column / coefficient
boundary (singular) fit: see help('isSingular')
Missing cells for: GroupGroup1:DayDay1.  
Interpret type III hypotheses with care.
fixed-effect model matrix is rank deficient so dropping 1 column / coefficient
Missing cells for: GroupGroup1:DayDay1.  
Interpret type III hypotheses with care.
fixed-effect model matrix is rank deficient so dropping 1 column / coefficient
Missing cells for: GroupGroup1:DayDay1.  
Interpret type III hypotheses with care.
fixed-effect model matrix is rank deficient so dropping 1 column / coefficient
boundary (singular) fit: see help('isSingular')
Missing cells for: GroupGroup1:DayDay1.  
Interpret type III hypotheses with care.
fixed-effect model matrix is rank deficient so dropping 1 column / coefficient
Missing cells for: GroupGroup1:DayDay1.  
Interpret type III hypotheses with care.
fixed-effect model matrix is rank deficient so dropping 1 column / coefficient
boundary (singular) fit: see help('isSingular')
Missing cells for: GroupGroup1:DayDay1.  
Interpret type III hypotheses with care.
fixed-effect model matrix is rank deficient so dropping 1 column / coefficient
boundary (singular) fit: see help('isSingular')
Missing cells for: GroupGroup1:DayDay1.  
Interpret type III hypotheses with care.
fixed-effect model matrix is rank deficient so dropping 1 column / coefficient
boundary (singular) fit: see help('isSingular')
Missing cells for: GroupGroup1:DayDay1.  
Interpret type III hypotheses with care.
fixed-effect model matrix is rank deficient so dropping 1 column / coefficient
Missing cells for: GroupGroup1:DayDay1.  
Interpret type III hypotheses with care.
fixed-effect model matrix is rank deficient so dropping 1 column / coefficient
Missing cells for: GroupGroup1:DayDay1.  
Interpret type III hypotheses with care.
fixed-effect model matrix is rank deficient so dropping 1 column / coefficient
boundary (singular) fit: see help('isSingular')
Missing cells for: GroupGroup1:DayDay1.  
Interpret type III hypotheses with care.
fixed-effect model matrix is rank deficient so dropping 1 column / coefficient
Missing cells for: GroupGroup1:DayDay1.  
Interpret type III hypotheses with care.
fixed-effect model matrix is rank deficient so dropping 1 column / coefficient
boundary (singular) fit: see help('isSingular')
Missing cells for: GroupGroup1:DayDay1.  
Interpret type III hypotheses with care.
fixed-effect model matrix is rank deficient so dropping 1 column / coefficient
Missing cells for: GroupGroup1:DayDay1.  
Interpret type III hypotheses with care.
fixed-effect model matrix is rank deficient so dropping 1 column / coefficient
boundary (singular) fit: see help('isSingular')
Missing cells for: GroupGroup1:DayDay1.  
Interpret type III hypotheses with care.
fixed-effect model matrix is rank deficient so dropping 1 column / coefficient
Missing cells for: GroupGroup1:DayDay1.  
Interpret type III hypotheses with care.
fixed-effect model matrix is rank deficient so dropping 1 column / coefficient
Missing cells for: GroupGroup1:DayDay1.  
Interpret type III hypotheses with care.
fixed-effect model matrix is rank deficient so dropping 1 column / coefficient
Missing cells for: GroupGroup1:DayDay1.  
Interpret type III hypotheses with care.
fixed-effect model matrix is rank deficient so dropping 1 column / coefficient
boundary (singular) fit: see help('isSingular')
Missing cells for: GroupGroup1:DayDay1.  
Interpret type III hypotheses with care.
fixed-effect model matrix is rank deficient so dropping 1 column / coefficient
Missing cells for: GroupGroup1:DayDay1.  
Interpret type III hypotheses with care.
fixed-effect model matrix is rank deficient so dropping 1 column / coefficient
boundary (singular) fit: see help('isSingular')
Missing cells for: GroupGroup1:DayDay1.  
Interpret type III hypotheses with care.
fixed-effect model matrix is rank deficient so dropping 1 column / coefficient
Missing cells for: GroupGroup1:DayDay1.  
Interpret type III hypotheses with care.
fixed-effect model matrix is rank deficient so dropping 1 column / coefficient
boundary (singular) fit: see help('isSingular')
Missing cells for: GroupGroup1:DayDay1.  
Interpret type III hypotheses with care.
fixed-effect model matrix is rank deficient so dropping 1 column / coefficient
boundary (singular) fit: see help('isSingular')
Missing cells for: GroupGroup1:DayDay1.  
Interpret type III hypotheses with care.
fixed-effect model matrix is rank deficient so dropping 1 column / coefficient
boundary (singular) fit: see help('isSingular')
Missing cells for: GroupGroup1:DayDay1.  
Interpret type III hypotheses with care.
fixed-effect model matrix is rank deficient so dropping 1 column / coefficient
boundary (singular) fit: see help('isSingular')
Missing cells for: GroupGroup1:DayDay1.  
Interpret type III hypotheses with care.
fixed-effect model matrix is rank deficient so dropping 1 column / coefficient
Missing cells for: GroupGroup1:DayDay1.  
Interpret type III hypotheses with care.
fixed-effect model matrix is rank deficient so dropping 1 column / coefficient
boundary (singular) fit: see help('isSingular')
Missing cells for: GroupGroup1:DayDay1.  
Interpret type III hypotheses with care.
fixed-effect model matrix is rank deficient so dropping 1 column / coefficient
Missing cells for: GroupGroup1:DayDay1.  
Interpret type III hypotheses with care.
fixed-effect model matrix is rank deficient so dropping 1 column / coefficient
Missing cells for: GroupGroup1:DayDay1.  
Interpret type III hypotheses with care.
fixed-effect model matrix is rank deficient so dropping 1 column / coefficient
Missing cells for: GroupGroup1:DayDay1.  
Interpret type III hypotheses with care.
fixed-effect model matrix is rank deficient so dropping 1 column / coefficient
Missing cells for: GroupGroup1:DayDay1.  
Interpret type III hypotheses with care.
fixed-effect model matrix is rank deficient so dropping 1 column / coefficient
Missing cells for: GroupGroup1:DayDay1.  
Interpret type III hypotheses with care.
fixed-effect model matrix is rank deficient so dropping 1 column / coefficient
Missing cells for: GroupGroup1:DayDay1.  
Interpret type III hypotheses with care.
fixed-effect model matrix is rank deficient so dropping 1 column / coefficient
Missing cells for: GroupGroup1:DayDay1.  
Interpret type III hypotheses with care.
fixed-effect model matrix is rank deficient so dropping 1 column / coefficient
Missing cells for: GroupGroup1:DayDay1.  
Interpret type III hypotheses with care.
fixed-effect model matrix is rank deficient so dropping 1 column / coefficient
Missing cells for: GroupGroup1:DayDay1.  
Interpret type III hypotheses with care.
fixed-effect model matrix is rank deficient so dropping 1 column / coefficient
boundary (singular) fit: see help('isSingular')
Missing cells for: GroupGroup1:DayDay1.  
Interpret type III hypotheses with care.
fixed-effect model matrix is rank deficient so dropping 1 column / coefficient
boundary (singular) fit: see help('isSingular')
Missing cells for: GroupGroup1:DayDay1.  
Interpret type III hypotheses with care.
fixed-effect model matrix is rank deficient so dropping 1 column / coefficient
Missing cells for: GroupGroup1:DayDay1.  
Interpret type III hypotheses with care.
fixed-effect model matrix is rank deficient so dropping 1 column / coefficient
boundary (singular) fit: see help('isSingular')
Missing cells for: GroupGroup1:DayDay1.  
Interpret type III hypotheses with care.
fixed-effect model matrix is rank deficient so dropping 1 column / coefficient
Missing cells for: GroupGroup1:DayDay1.  
Interpret type III hypotheses with care.
fixed-effect model matrix is rank deficient so dropping 1 column / coefficient
boundary (singular) fit: see help('isSingular')
Missing cells for: GroupGroup1:DayDay1.  
Interpret type III hypotheses with care.
fixed-effect model matrix is rank deficient so dropping 1 column / coefficient
Missing cells for: GroupGroup1:DayDay1.  
Interpret type III hypotheses with care.
fixed-effect model matrix is rank deficient so dropping 1 column / coefficient
Missing cells for: GroupGroup1:DayDay1.  
Interpret type III hypotheses with care.
fixed-effect model matrix is rank deficient so dropping 1 column / coefficient
Missing cells for: GroupGroup1:DayDay1.  
Interpret type III hypotheses with care.
fixed-effect model matrix is rank deficient so dropping 1 column / coefficient
Missing cells for: GroupGroup1:DayDay1.  
Interpret type III hypotheses with care.
fixed-effect model matrix is rank deficient so dropping 1 column / coefficient
Missing cells for: GroupGroup1:DayDay1.  
Interpret type III hypotheses with care.
fixed-effect model matrix is rank deficient so dropping 1 column / coefficient
Missing cells for: GroupGroup1:DayDay1.  
Interpret type III hypotheses with care.
fixed-effect model matrix is rank deficient so dropping 1 column / coefficient
boundary (singular) fit: see help('isSingular')
Missing cells for: GroupGroup1:DayDay1.  
Interpret type III hypotheses with care.
fixed-effect model matrix is rank deficient so dropping 1 column / coefficient
Missing cells for: GroupGroup1:DayDay1.  
Interpret type III hypotheses with care.
fixed-effect model matrix is rank deficient so dropping 1 column / coefficient
Missing cells for: GroupGroup1:DayDay1.  
Interpret type III hypotheses with care.
fixed-effect model matrix is rank deficient so dropping 1 column / coefficient
Missing cells for: GroupGroup1:DayDay1.  
Interpret type III hypotheses with care.
fixed-effect model matrix is rank deficient so dropping 1 column / coefficient
Missing cells for: GroupGroup1:DayDay1.  
Interpret type III hypotheses with care.
fixed-effect model matrix is rank deficient so dropping 1 column / coefficient
Missing cells for: GroupGroup1:DayDay1.  
Interpret type III hypotheses with care.
fixed-effect model matrix is rank deficient so dropping 1 column / coefficient
Missing cells for: GroupGroup1:DayDay1.  
Interpret type III hypotheses with care.
fixed-effect model matrix is rank deficient so dropping 1 column / coefficient
boundary (singular) fit: see help('isSingular')
Missing cells for: GroupGroup1:DayDay1.  
Interpret type III hypotheses with care.
fixed-effect model matrix is rank deficient so dropping 1 column / coefficient
boundary (singular) fit: see help('isSingular')
Missing cells for: GroupGroup1:DayDay1.  
Interpret type III hypotheses with care.
fixed-effect model matrix is rank deficient so dropping 1 column / coefficient
boundary (singular) fit: see help('isSingular')
Missing cells for: GroupGroup1:DayDay1.  
Interpret type III hypotheses with care.
fixed-effect model matrix is rank deficient so dropping 1 column / coefficient
boundary (singular) fit: see help('isSingular')
Missing cells for: GroupGroup1:DayDay1.  
Interpret type III hypotheses with care.
fixed-effect model matrix is rank deficient so dropping 1 column / coefficient
boundary (singular) fit: see help('isSingular')
Missing cells for: GroupGroup1:DayDay1.  
Interpret type III hypotheses with care.
fixed-effect model matrix is rank deficient so dropping 1 column / coefficient
Missing cells for: GroupGroup1:DayDay1.  
Interpret type III hypotheses with care.
fixed-effect model matrix is rank deficient so dropping 1 column / coefficient
Missing cells for: GroupGroup1:DayDay1.  
Interpret type III hypotheses with care.
fixed-effect model matrix is rank deficient so dropping 1 column / coefficient
Missing cells for: GroupGroup1:DayDay1.  
Interpret type III hypotheses with care.
fixed-effect model matrix is rank deficient so dropping 1 column / coefficient
boundary (singular) fit: see help('isSingular')
Missing cells for: GroupGroup1:DayDay1.  
Interpret type III hypotheses with care.
fixed-effect model matrix is rank deficient so dropping 1 column / coefficient
Missing cells for: GroupGroup1:DayDay1.  
Interpret type III hypotheses with care.
fixed-effect model matrix is rank deficient so dropping 1 column / coefficient
boundary (singular) fit: see help('isSingular')
Missing cells for: GroupGroup1:DayDay1.  
Interpret type III hypotheses with care.
fixed-effect model matrix is rank deficient so dropping 1 column / coefficient
boundary (singular) fit: see help('isSingular')
Missing cells for: GroupGroup1:DayDay1.  
Interpret type III hypotheses with care.
fixed-effect model matrix is rank deficient so dropping 1 column / coefficient
Missing cells for: GroupGroup1:DayDay1.  
Interpret type III hypotheses with care.
fixed-effect model matrix is rank deficient so dropping 1 column / coefficient
Missing cells for: GroupGroup1:DayDay1.  
Interpret type III hypotheses with care.
fixed-effect model matrix is rank deficient so dropping 1 column / coefficient
boundary (singular) fit: see help('isSingular')
Missing cells for: GroupGroup1:DayDay1.  
Interpret type III hypotheses with care.
fixed-effect model matrix is rank deficient so dropping 1 column / coefficient
boundary (singular) fit: see help('isSingular')
Missing cells for: GroupGroup1:DayDay1.  
Interpret type III hypotheses with care.
fixed-effect model matrix is rank deficient so dropping 1 column / coefficient
Missing cells for: GroupGroup1:DayDay1.  
Interpret type III hypotheses with care.
fixed-effect model matrix is rank deficient so dropping 1 column / coefficient
Missing cells for: GroupGroup1:DayDay1.  
Interpret type III hypotheses with care.
fixed-effect model matrix is rank deficient so dropping 1 column / coefficient
boundary (singular) fit: see help('isSingular')
Missing cells for: GroupGroup1:DayDay1.  
Interpret type III hypotheses with care.
fixed-effect model matrix is rank deficient so dropping 1 column / coefficient
boundary (singular) fit: see help('isSingular')
Missing cells for: GroupGroup1:DayDay1.  
Interpret type III hypotheses with care.
fixed-effect model matrix is rank deficient so dropping 1 column / coefficient
boundary (singular) fit: see help('isSingular')
Missing cells for: GroupGroup1:DayDay1.  
Interpret type III hypotheses with care.
fixed-effect model matrix is rank deficient so dropping 1 column / coefficient
Missing cells for: GroupGroup1:DayDay1.  
Interpret type III hypotheses with care.
fixed-effect model matrix is rank deficient so dropping 1 column / coefficient
boundary (singular) fit: see help('isSingular')
Missing cells for: GroupGroup1:DayDay1.  
Interpret type III hypotheses with care.
fixed-effect model matrix is rank deficient so dropping 1 column / coefficient
Missing cells for: GroupGroup1:DayDay1.  
Interpret type III hypotheses with care.
fixed-effect model matrix is rank deficient so dropping 1 column / coefficient
Missing cells for: GroupGroup1:DayDay1.  
Interpret type III hypotheses with care.
fixed-effect model matrix is rank deficient so dropping 1 column / coefficient
Missing cells for: GroupGroup1:DayDay1.  
Interpret type III hypotheses with care.
fixed-effect model matrix is rank deficient so dropping 1 column / coefficient
Missing cells for: GroupGroup1:DayDay1.  
Interpret type III hypotheses with care.
fixed-effect model matrix is rank deficient so dropping 1 column / coefficient
boundary (singular) fit: see help('isSingular')
Missing cells for: GroupGroup1:DayDay1.  
Interpret type III hypotheses with care.
fixed-effect model matrix is rank deficient so dropping 1 column / coefficient
boundary (singular) fit: see help('isSingular')
Missing cells for: GroupGroup1:DayDay1.  
Interpret type III hypotheses with care.
fixed-effect model matrix is rank deficient so dropping 1 column / coefficient
Missing cells for: GroupGroup1:DayDay1.  
Interpret type III hypotheses with care.
fixed-effect model matrix is rank deficient so dropping 1 column / coefficient
Missing cells for: GroupGroup1:DayDay1.  
Interpret type III hypotheses with care.
fixed-effect model matrix is rank deficient so dropping 1 column / coefficient
boundary (singular) fit: see help('isSingular')
Missing cells for: GroupGroup1:DayDay1.  
Interpret type III hypotheses with care.
fixed-effect model matrix is rank deficient so dropping 1 column / coefficient
Missing cells for: GroupGroup1:DayDay1.  
Interpret type III hypotheses with care.
fixed-effect model matrix is rank deficient so dropping 1 column / coefficient
boundary (singular) fit: see help('isSingular')
Missing cells for: GroupGroup1:DayDay1.  
Interpret type III hypotheses with care.
fixed-effect model matrix is rank deficient so dropping 1 column / coefficient
Missing cells for: GroupGroup1:DayDay1.  
Interpret type III hypotheses with care.
fixed-effect model matrix is rank deficient so dropping 1 column / coefficient
boundary (singular) fit: see help('isSingular')
Missing cells for: GroupGroup1:DayDay1.  
Interpret type III hypotheses with care.
fixed-effect model matrix is rank deficient so dropping 1 column / coefficient
boundary (singular) fit: see help('isSingular')
Missing cells for: GroupGroup1:DayDay1.  
Interpret type III hypotheses with care.
fixed-effect model matrix is rank deficient so dropping 1 column / coefficient
Missing cells for: GroupGroup1:DayDay1.  
Interpret type III hypotheses with care.
fixed-effect model matrix is rank deficient so dropping 1 column / coefficient
boundary (singular) fit: see help('isSingular')
Missing cells for: GroupGroup1:DayDay1.  
Interpret type III hypotheses with care.
fixed-effect model matrix is rank deficient so dropping 1 column / coefficient
boundary (singular) fit: see help('isSingular')
Missing cells for: GroupGroup1:DayDay1.  
Interpret type III hypotheses with care.
fixed-effect model matrix is rank deficient so dropping 1 column / coefficient
boundary (singular) fit: see help('isSingular')
Missing cells for: GroupGroup1:DayDay1.  
Interpret type III hypotheses with care.
fixed-effect model matrix is rank deficient so dropping 1 column / coefficient
Missing cells for: GroupGroup1:DayDay1.  
Interpret type III hypotheses with care.
fixed-effect model matrix is rank deficient so dropping 1 column / coefficient
boundary (singular) fit: see help('isSingular')
Missing cells for: GroupGroup1:DayDay1.  
Interpret type III hypotheses with care.
fixed-effect model matrix is rank deficient so dropping 1 column / coefficient
Missing cells for: GroupGroup1:DayDay1.  
Interpret type III hypotheses with care.
fixed-effect model matrix is rank deficient so dropping 1 column / coefficient
Missing cells for: GroupGroup1:DayDay1.  
Interpret type III hypotheses with care.
fixed-effect model matrix is rank deficient so dropping 1 column / coefficient
boundary (singular) fit: see help('isSingular')
Missing cells for: GroupGroup1:DayDay1.  
Interpret type III hypotheses with care.
fixed-effect model matrix is rank deficient so dropping 1 column / coefficient
Missing cells for: GroupGroup1:DayDay1.  
Interpret type III hypotheses with care.
fixed-effect model matrix is rank deficient so dropping 1 column / coefficient
Missing cells for: GroupGroup1:DayDay1.  
Interpret type III hypotheses with care.
fixed-effect model matrix is rank deficient so dropping 1 column / coefficient
boundary (singular) fit: see help('isSingular')
Missing cells for: GroupGroup1:DayDay1.  
Interpret type III hypotheses with care.
fixed-effect model matrix is rank deficient so dropping 1 column / coefficient
boundary (singular) fit: see help('isSingular')
Missing cells for: GroupGroup1:DayDay1.  
Interpret type III hypotheses with care.
fixed-effect model matrix is rank deficient so dropping 1 column / coefficient
Missing cells for: GroupGroup1:DayDay1.  
Interpret type III hypotheses with care.
fixed-effect model matrix is rank deficient so dropping 1 column / coefficient
Missing cells for: GroupGroup1:DayDay1.  
Interpret type III hypotheses with care.
fixed-effect model matrix is rank deficient so dropping 1 column / coefficient
Missing cells for: GroupGroup1:DayDay1.  
Interpret type III hypotheses with care.
fixed-effect model matrix is rank deficient so dropping 1 column / coefficient
Missing cells for: GroupGroup1:DayDay1.  
Interpret type III hypotheses with care.
fixed-effect model matrix is rank deficient so dropping 1 column / coefficient
Missing cells for: GroupGroup1:DayDay1.  
Interpret type III hypotheses with care.
fixed-effect model matrix is rank deficient so dropping 1 column / coefficient
Missing cells for: GroupGroup1:DayDay1.  
Interpret type III hypotheses with care.
fixed-effect model matrix is rank deficient so dropping 1 column / coefficient
boundary (singular) fit: see help('isSingular')
Missing cells for: GroupGroup1:DayDay1.  
Interpret type III hypotheses with care.
fixed-effect model matrix is rank deficient so dropping 1 column / coefficient
boundary (singular) fit: see help('isSingular')
Missing cells for: GroupGroup1:DayDay1.  
Interpret type III hypotheses with care.
fixed-effect model matrix is rank deficient so dropping 1 column / coefficient
boundary (singular) fit: see help('isSingular')
Missing cells for: GroupGroup1:DayDay1.  
Interpret type III hypotheses with care.
fixed-effect model matrix is rank deficient so dropping 1 column / coefficient
boundary (singular) fit: see help('isSingular')
Missing cells for: GroupGroup1:DayDay1.  
Interpret type III hypotheses with care.
fixed-effect model matrix is rank deficient so dropping 1 column / coefficient
boundary (singular) fit: see help('isSingular')
Missing cells for: GroupGroup1:DayDay1.  
Interpret type III hypotheses with care.
fixed-effect model matrix is rank deficient so dropping 1 column / coefficient
Missing cells for: GroupGroup1:DayDay1.  
Interpret type III hypotheses with care.
fixed-effect model matrix is rank deficient so dropping 1 column / coefficient
Missing cells for: GroupGroup1:DayDay1.  
Interpret type III hypotheses with care.
fixed-effect model matrix is rank deficient so dropping 1 column / coefficient
boundary (singular) fit: see help('isSingular')
Missing cells for: GroupGroup1:DayDay1.  
Interpret type III hypotheses with care.
fixed-effect model matrix is rank deficient so dropping 1 column / coefficient
boundary (singular) fit: see help('isSingular')
Missing cells for: GroupGroup1:DayDay1.  
Interpret type III hypotheses with care.
fixed-effect model matrix is rank deficient so dropping 1 column / coefficient
Missing cells for: GroupGroup1:DayDay1.  
Interpret type III hypotheses with care.
fixed-effect model matrix is rank deficient so dropping 1 column / coefficient
Missing cells for: GroupGroup1:DayDay1.  
Interpret type III hypotheses with care.
fixed-effect model matrix is rank deficient so dropping 1 column / coefficient
Missing cells for: GroupGroup1:DayDay1.  
Interpret type III hypotheses with care.
fixed-effect model matrix is rank deficient so dropping 1 column / coefficient
Missing cells for: GroupGroup1:DayDay1.  
Interpret type III hypotheses with care.
fixed-effect model matrix is rank deficient so dropping 1 column / coefficient
Missing cells for: GroupGroup1:DayDay1.  
Interpret type III hypotheses with care.
fixed-effect model matrix is rank deficient so dropping 1 column / coefficient
Missing cells for: GroupGroup1:DayDay1.  
Interpret type III hypotheses with care.
fixed-effect model matrix is rank deficient so dropping 1 column / coefficient
Missing cells for: GroupGroup1:DayDay1.  
Interpret type III hypotheses with care.
fixed-effect model matrix is rank deficient so dropping 1 column / coefficient
boundary (singular) fit: see help('isSingular')
Missing cells for: GroupGroup1:DayDay1.  
Interpret type III hypotheses with care.
fixed-effect model matrix is rank deficient so dropping 1 column / coefficient
boundary (singular) fit: see help('isSingular')
Missing cells for: GroupGroup1:DayDay1.  
Interpret type III hypotheses with care.
fixed-effect model matrix is rank deficient so dropping 1 column / coefficient
Missing cells for: GroupGroup1:DayDay1.  
Interpret type III hypotheses with care.
fixed-effect model matrix is rank deficient so dropping 1 column / coefficient
boundary (singular) fit: see help('isSingular')
Missing cells for: GroupGroup1:DayDay1.  
Interpret type III hypotheses with care.
fixed-effect model matrix is rank deficient so dropping 1 column / coefficient
Missing cells for: GroupGroup1:DayDay1.  
Interpret type III hypotheses with care.
fixed-effect model matrix is rank deficient so dropping 1 column / coefficient
Missing cells for: GroupGroup1:DayDay1.  
Interpret type III hypotheses with care.
fixed-effect model matrix is rank deficient so dropping 1 column / coefficient
boundary (singular) fit: see help('isSingular')
Missing cells for: GroupGroup1:DayDay1.  
Interpret type III hypotheses with care.
fixed-effect model matrix is rank deficient so dropping 1 column / coefficient
Missing cells for: GroupGroup1:DayDay1.  
Interpret type III hypotheses with care.
fixed-effect model matrix is rank deficient so dropping 1 column / coefficient
Missing cells for: GroupGroup1:DayDay1.  
Interpret type III hypotheses with care.
fixed-effect model matrix is rank deficient so dropping 1 column / coefficient
boundary (singular) fit: see help('isSingular')
Missing cells for: GroupGroup1:DayDay1.  
Interpret type III hypotheses with care.
fixed-effect model matrix is rank deficient so dropping 1 column / coefficient
boundary (singular) fit: see help('isSingular')
Missing cells for: GroupGroup1:DayDay1.  
Interpret type III hypotheses with care.
fixed-effect model matrix is rank deficient so dropping 1 column / coefficient
Missing cells for: GroupGroup1:DayDay1.  
Interpret type III hypotheses with care.
fixed-effect model matrix is rank deficient so dropping 1 column / coefficient
Missing cells for: GroupGroup1:DayDay1.  
Interpret type III hypotheses with care.
fixed-effect model matrix is rank deficient so dropping 1 column / coefficient
boundary (singular) fit: see help('isSingular')
Missing cells for: GroupGroup1:DayDay1.  
Interpret type III hypotheses with care.
fixed-effect model matrix is rank deficient so dropping 1 column / coefficient
Missing cells for: GroupGroup1:DayDay1.  
Interpret type III hypotheses with care.
fixed-effect model matrix is rank deficient so dropping 1 column / coefficient
boundary (singular) fit: see help('isSingular')
Missing cells for: GroupGroup1:DayDay1.  
Interpret type III hypotheses with care.
fixed-effect model matrix is rank deficient so dropping 1 column / coefficient
boundary (singular) fit: see help('isSingular')
Missing cells for: GroupGroup1:DayDay1.  
Interpret type III hypotheses with care.
fixed-effect model matrix is rank deficient so dropping 1 column / coefficient
Missing cells for: GroupGroup1:DayDay1.  
Interpret type III hypotheses with care.
fixed-effect model matrix is rank deficient so dropping 1 column / coefficient
boundary (singular) fit: see help('isSingular')
Missing cells for: GroupGroup1:DayDay1.  
Interpret type III hypotheses with care.
fixed-effect model matrix is rank deficient so dropping 1 column / coefficient
boundary (singular) fit: see help('isSingular')
Missing cells for: GroupGroup1:DayDay1.  
Interpret type III hypotheses with care.
fixed-effect model matrix is rank deficient so dropping 1 column / coefficient
Missing cells for: GroupGroup1:DayDay1.  
Interpret type III hypotheses with care.
fixed-effect model matrix is rank deficient so dropping 1 column / coefficient
boundary (singular) fit: see help('isSingular')
Missing cells for: GroupGroup1:DayDay1.  
Interpret type III hypotheses with care.
fixed-effect model matrix is rank deficient so dropping 1 column / coefficient
boundary (singular) fit: see help('isSingular')
Missing cells for: GroupGroup1:DayDay1.  
Interpret type III hypotheses with care.
fixed-effect model matrix is rank deficient so dropping 1 column / coefficient
boundary (singular) fit: see help('isSingular')
Missing cells for: GroupGroup1:DayDay1.  
Interpret type III hypotheses with care.
fixed-effect model matrix is rank deficient so dropping 1 column / coefficient
boundary (singular) fit: see help('isSingular')
Missing cells for: GroupGroup1:DayDay1.  
Interpret type III hypotheses with care.
fixed-effect model matrix is rank deficient so dropping 1 column / coefficient
Missing cells for: GroupGroup1:DayDay1.  
Interpret type III hypotheses with care.
fixed-effect model matrix is rank deficient so dropping 1 column / coefficient
Missing cells for: GroupGroup1:DayDay1.  
Interpret type III hypotheses with care.
Differential abundance results saved.
>>> Section 4: Generating Taxonomic Volatility Charts...
>>> Section 4.5: Generating Genus-level Stacked Barplots...
=========================================================================
Longitudinal Statistical Analysis Completed Successfully!
All plots and tables exported to:  ./results/04_stats 
=========================================================================
 >>> STAGE 5 completed successfully in 47s.

=========================================================================
 >>> STAGE 6: Ecological Interaction Network Mapping
     Running command: Rscript script/05_network_analysis.R
=========================================================================
Loading required libraries...
